Сборка начата 02.03.2020 16:17:23.
Уровень детализации журнала: Normal.     1>Проект "C:\Users\User\Documents\ЯП\LP_Lab01\Hello_world\Hello_world.vcxproj" в узле 2 (целевые объекты Rebuild).
     1>_PrepareForClean:
         Файл "Debug\Hello_world.tlog\Hello_world.lastbuildstate" удаляется.
       InitializeBuildStatus:
         Создание "Debug\Hello_world.tlog\unsuccessfulbuild", так как было задано "AlwaysCreate".
       ClCompile:
         C:\Program Files (x86)\Microsoft Visual Studio\2019\Community\VC\Tools\MSVC\14.24.28314\bin\HostX86\x86\CL.exe /c /ZI /JMC /nologo /W3 /WX- /diagnostics:column /sdl /Od /Oy- /D WIN32 /D _DEBUG /D _CONSOLE /D _UNICODE /D UNICODE /Gm- /EHsc /RTC1 /MDd /GS /fp:precise /permissive- /Zc:wchar_t /Zc:forScope /Zc:inline /Fo"Debug\\" /Fd"Debug\vc142.pdb" /Gd /TP /analyze- /FC /errorReport:prompt Hello_world.cpp
         Hello_world.cpp
       Link:
         C:\Program Files (x86)\Microsoft Visual Studio\2019\Community\VC\Tools\MSVC\14.24.28314\bin\HostX86\x86\link.exe /ERRORREPORT:PROMPT /OUT:"C:\Users\User\Documents\ЯП\LP_Lab01\Debug\Hello_world.exe" /INCREMENTAL /NOLOGO kernel32.lib user32.lib gdi32.lib winspool.lib comdlg32.lib advapi32.lib shell32.lib ole32.lib oleaut32.lib uuid.lib odbc32.lib odbccp32.lib /MANIFEST /MANIFESTUAC:"level='asInvoker' uiAccess='false'" /manifest:embed /DEBUG:FASTLINK /PDB:"C:\Users\User\Documents\ЯП\LP_Lab01\Debug\Hello_world.pdb" /SUBSYSTEM:CONSOLE /TLBID:1 /DYNAMICBASE /NXCOMPAT /IMPLIB:"C:\Users\User\Documents\ЯП\LP_Lab01\Debug\Hello_world.lib" /MACHINE:X86 Debug\Hello_world.obj
         Hello_world.vcxproj -> C:\Users\User\Documents\ЯП\LP_Lab01\Debug\Hello_world.exe
       FinalizeBuildStatus:
         Файл "Debug\Hello_world.tlog\unsuccessfulbuild" удаляется.
         Обращение к "Debug\Hello_world.tlog\Hello_world.lastbuildstate".
     1>Сборка проекта "C:\Users\User\Documents\ЯП\LP_Lab01\Hello_world\Hello_world.vcxproj" завершена (целевые объекты Rebuild).

Сборка успешно завершена.
    Предупреждений: 0
    Ошибок: 0

Прошло времени 00:00:01.21
