Сборка начата 02.03.2020 16:22:18.
Уровень детализации журнала: Normal.     1>Проект "C:\Users\User\Documents\ЯП\LP_Lab01\Hello_world\Hello_world.vcxproj" в узле 2 (целевые объекты Rebuild).
     1>PrepareForBuild:
         Создание каталога "Release\Hello_world.tlog\".
       InitializeBuildStatus:
         Создание "Release\Hello_world.tlog\unsuccessfulbuild", так как было задано "AlwaysCreate".
       ClCompile:
         C:\Program Files (x86)\Microsoft Visual Studio\2019\Community\VC\Tools\MSVC\14.24.28314\bin\HostX86\x86\CL.exe /c /Zi /nologo /W3 /WX- /diagnostics:column /sdl /O2 /Oi /Oy- /GL /D WIN32 /D NDEBUG /D _CONSOLE /D _UNICODE /D UNICODE /Gm- /EHsc /MD /GS /Gy /fp:precise /permissive- /Zc:wchar_t /Zc:forScope /Zc:inline /Fo"Release\\" /Fd"Release\vc142.pdb" /Gd /TP /analyze- /FC /errorReport:prompt Hello_world.cpp
         Hello_world.cpp
       Link:
         C:\Program Files (x86)\Microsoft Visual Studio\2019\Community\VC\Tools\MSVC\14.24.28314\bin\HostX86\x86\link.exe /ERRORREPORT:PROMPT /OUT:"C:\Users\User\Documents\ЯП\LP_Lab01\Release\Hello_world.exe" /INCREMENTAL:NO /NOLOGO kernel32.lib user32.lib gdi32.lib winspool.lib comdlg32.lib advapi32.lib shell32.lib ole32.lib oleaut32.lib uuid.lib odbc32.lib odbccp32.lib /MANIFEST /MANIFESTUAC:"level='asInvoker' uiAccess='false'" /manifest:embed /DEBUG /PDB:"C:\Users\User\Documents\ЯП\LP_Lab01\Release\Hello_world.pdb" /SUBSYSTEM:CONSOLE /OPT:REF /OPT:ICF /LTCG:incremental /TLBID:1 /DYNAMICBASE /NXCOMPAT /IMPLIB:"C:\Users\User\Documents\ЯП\LP_Lab01\Release\Hello_world.lib" /MACHINE:X86 /SAFESEH Release\Hello_world.obj
         Создание кода
         Previous IPDB not found, fall back to full compilation.
         All 10 functions were compiled because no usable IPDB/IOBJ from previous compilation was found.
         Создание кода завершено
         Hello_world.vcxproj -> C:\Users\User\Documents\ЯП\LP_Lab01\Release\Hello_world.exe
       FinalizeBuildStatus:
         Файл "Release\Hello_world.tlog\unsuccessfulbuild" удаляется.
         Обращение к "Release\Hello_world.tlog\Hello_world.lastbuildstate".
     1>Сборка проекта "C:\Users\User\Documents\ЯП\LP_Lab01\Hello_world\Hello_world.vcxproj" завершена (целевые объекты Rebuild).

Сборка успешно завершена.
    Предупреждений: 0
    Ошибок: 0

Прошло времени 00:00:01.05
