Сборка начата 08.06.2020 17:22:56.
Уровень детализации журнала: Normal.     1>Проект "C:\Users\User\Documents\ЯП\LPLab12\LPLab12\LPLab12.vcxproj" в узле 2 (целевые объекты Build).
     1>InitializeBuildStatus:
         Создание "Debug\LPLab12.tlog\unsuccessfulbuild", так как было задано "AlwaysCreate".
       ClCompile:
         C:\Program Files (x86)\Microsoft Visual Studio\2019\Community\VC\Tools\MSVC\14.25.28610\bin\HostX86\x86\CL.exe /c /ZI /JMC /nologo /W3 /WX- /diagnostics:column /sdl /Od /Oy- /D WIN32 /D _DEBUG /D _CONSOLE /D _UNICODE /D UNICODE /Gm- /EHsc /RTC1 /MDd /GS /fp:precise /permissive- /Zc:wchar_t /Zc:forScope /Zc:inline /Fo"Debug\\" /Fd"Debug\vc142.pdb" /Gd /TP /analyze- /FC /errorReport:prompt FST.cpp
         FST.cpp
     1>C:\Users\User\Documents\ЯП\LPLab12\LPLab12\FST.cpp(62,37): warning C4267: инициализация: преобразование из "size_t" в "short"; возможна потеря данных
       Link:
         C:\Program Files (x86)\Microsoft Visual Studio\2019\Community\VC\Tools\MSVC\14.25.28610\bin\HostX86\x86\link.exe /ERRORREPORT:PROMPT /OUT:"C:\Users\User\Documents\ЯП\LPLab12\Debug\LPLab12.exe" /INCREMENTAL /NOLOGO kernel32.lib user32.lib gdi32.lib winspool.lib comdlg32.lib advapi32.lib shell32.lib ole32.lib oleaut32.lib uuid.lib odbc32.lib odbccp32.lib /MANIFEST /MANIFESTUAC:"level='asInvoker' uiAccess='false'" /manifest:embed /DEBUG:FASTLINK /PDB:"C:\Users\User\Documents\ЯП\LPLab12\Debug\LPLab12.pdb" /SUBSYSTEM:CONSOLE /TLBID:1 /DYNAMICBASE /NXCOMPAT /IMPLIB:"C:\Users\User\Documents\ЯП\LPLab12\Debug\LPLab12.lib" /MACHINE:X86 Debug\FST.obj
         Debug\LPLab12.obj
         LPLab12.vcxproj -> C:\Users\User\Documents\ЯП\LPLab12\Debug\LPLab12.exe
       FinalizeBuildStatus:
         Файл "Debug\LPLab12.tlog\unsuccessfulbuild" удаляется.
         Обращение к "Debug\LPLab12.tlog\LPLab12.lastbuildstate".
     1>Сборка проекта "C:\Users\User\Documents\ЯП\LPLab12\LPLab12\LPLab12.vcxproj" завершена (целевые объекты Build).

Сборка успешно завершена.

       "C:\Users\User\Documents\ЯП\LPLab12\LPLab12\LPLab12.vcxproj" (целевой объект Build ) (1) ->
       (Целевой объект ClCompile) -> 
         C:\Users\User\Documents\ЯП\LPLab12\LPLab12\FST.cpp(62,37): warning C4267: инициализация: преобразование из "size_t" в "short"; возможна потеря данных

    Предупреждений: 1
    Ошибок: 0

Прошло времени 00:00:01.54
