Сборка начата 06.09.2020 22:23:58.
Уровень детализации журнала: Normal.     1>Проект "C:\Users\User\Documents\ЯП\LPLab13\LPLab13\LPLab13.vcxproj" в узле 2 (целевые объекты Build).
     1>InitializeBuildStatus:
         Обращение к "Debug\LPLab13.tlog\unsuccessfulbuild".
       ClCompile:
         C:\Program Files (x86)\Microsoft Visual Studio\2019\Community\VC\Tools\MSVC\14.25.28610\bin\HostX86\x86\CL.exe /c /ZI /JMC /nologo /W3 /WX- /diagnostics:column /sdl /Od /Oy- /D WIN32 /D _DEBUG /D _CONSOLE /D _UNICODE /D UNICODE /Gm- /EHsc /RTC1 /MDd /GS /fp:precise /permissive- /Zc:wchar_t /Zc:forScope /Zc:inline /Fo"Debug\\" /Fd"Debug\vc142.pdb" /Gd /TP /analyze- /FC /errorReport:prompt FST.cpp Log.cpp LPLab13.cpp
         FST.cpp
     1>C:\Users\User\Documents\ЯП\LPLab13\LPLab13\FST.cpp(62,37): warning C4267: инициализация: преобразование из "size_t" в "short"; возможна потеря данных
         Log.cpp
         LPLab13.cpp
         Создание кода...
       Link:
         C:\Program Files (x86)\Microsoft Visual Studio\2019\Community\VC\Tools\MSVC\14.25.28610\bin\HostX86\x86\link.exe /ERRORREPORT:PROMPT /OUT:"C:\Users\User\Documents\ЯП\LPLab13\Debug\LPLab13.exe" /INCREMENTAL /NOLOGO kernel32.lib user32.lib gdi32.lib winspool.lib comdlg32.lib advapi32.lib shell32.lib ole32.lib oleaut32.lib uuid.lib odbc32.lib odbccp32.lib /MANIFEST /MANIFESTUAC:"level='asInvoker' uiAccess='false'" /manifest:embed /DEBUG:FASTLINK /PDB:"C:\Users\User\Documents\ЯП\LPLab13\Debug\LPLab13.pdb" /SUBSYSTEM:CONSOLE /TLBID:1 /DYNAMICBASE /NXCOMPAT /IMPLIB:"C:\Users\User\Documents\ЯП\LPLab13\Debug\LPLab13.lib" /MACHINE:X86 Debug\Error.obj
         Debug\FST.obj
         Debug\In.obj
         Debug\Log.obj
         Debug\LPLab13.obj
         Debug\Parm.obj
         LPLab13.vcxproj -> C:\Users\User\Documents\ЯП\LPLab13\Debug\LPLab13.exe
       FinalizeBuildStatus:
         Файл "Debug\LPLab13.tlog\unsuccessfulbuild" удаляется.
         Обращение к "Debug\LPLab13.tlog\LPLab13.lastbuildstate".
     1>Сборка проекта "C:\Users\User\Documents\ЯП\LPLab13\LPLab13\LPLab13.vcxproj" завершена (целевые объекты Build).

Сборка успешно завершена.

       "C:\Users\User\Documents\ЯП\LPLab13\LPLab13\LPLab13.vcxproj" (целевой объект Build ) (1) ->
       (Целевой объект ClCompile) -> 
         C:\Users\User\Documents\ЯП\LPLab13\LPLab13\FST.cpp(62,37): warning C4267: инициализация: преобразование из "size_t" в "short"; возможна потеря данных

    Предупреждений: 1
    Ошибок: 0

Прошло времени 00:00:01.73
